c:\users\choi gyugwang\documents\visual studio 2015\projects\powerpoint01\powerpoint02\debug\vc140.pdb
c:\users\choi gyugwang\documents\visual studio 2015\projects\powerpoint01\powerpoint02\debug\vc140.idb
c:\users\choi gyugwang\documents\visual studio 2015\projects\powerpoint01\powerpoint02\debug\circle.obj
c:\users\choi gyugwang\documents\visual studio 2015\projects\powerpoint01\powerpoint02\debug\drawshapesbyclass.obj
c:\users\choi gyugwang\documents\visual studio 2015\projects\powerpoint01\powerpoint02\debug\line.obj
c:\users\choi gyugwang\documents\visual studio 2015\projects\powerpoint01\powerpoint02\debug\rect.obj
c:\users\choi gyugwang\documents\visual studio 2015\projects\powerpoint01\powerpoint02\debug\shape.obj
c:\users\choi gyugwang\documents\visual studio 2015\projects\powerpoint01\powerpoint02\debug\powerpoint02.res
c:\users\choi gyugwang\documents\visual studio 2015\projects\powerpoint01\debug\powerpoint02.pdb
c:\users\choi gyugwang\documents\visual studio 2015\projects\powerpoint01\powerpoint02\debug\powerpoint02.tlog\cl.command.1.tlog
c:\users\choi gyugwang\documents\visual studio 2015\projects\powerpoint01\powerpoint02\debug\powerpoint02.tlog\cl.read.1.tlog
c:\users\choi gyugwang\documents\visual studio 2015\projects\powerpoint01\powerpoint02\debug\powerpoint02.tlog\cl.write.1.tlog
c:\users\choi gyugwang\documents\visual studio 2015\projects\powerpoint01\powerpoint02\debug\powerpoint02.tlog\link-cvtres.read.1.tlog
c:\users\choi gyugwang\documents\visual studio 2015\projects\powerpoint01\powerpoint02\debug\powerpoint02.tlog\link-cvtres.write.1.tlog
c:\users\choi gyugwang\documents\visual studio 2015\projects\powerpoint01\powerpoint02\debug\powerpoint02.tlog\link-rc.read.1.tlog
c:\users\choi gyugwang\documents\visual studio 2015\projects\powerpoint01\powerpoint02\debug\powerpoint02.tlog\link-rc.write.1.tlog
c:\users\choi gyugwang\documents\visual studio 2015\projects\powerpoint01\powerpoint02\debug\powerpoint02.tlog\link.command.1.tlog
c:\users\choi gyugwang\documents\visual studio 2015\projects\powerpoint01\powerpoint02\debug\powerpoint02.tlog\link.read.1.tlog
c:\users\choi gyugwang\documents\visual studio 2015\projects\powerpoint01\powerpoint02\debug\powerpoint02.tlog\link.write.1.tlog
c:\users\choi gyugwang\documents\visual studio 2015\projects\powerpoint01\powerpoint02\debug\powerpoint02.tlog\rc.command.1.tlog
c:\users\choi gyugwang\documents\visual studio 2015\projects\powerpoint01\powerpoint02\debug\powerpoint02.tlog\rc.read.1.tlog
c:\users\choi gyugwang\documents\visual studio 2015\projects\powerpoint01\powerpoint02\debug\powerpoint02.tlog\rc.write.1.tlog
